app/build/intermediates/manifest_merge_blame_file/release/manifest-merger-blame-release-report.txt
1<?xml version="1.0" encoding="utf-8"?>
2<manifest xmlns:android="http://schemas.android.com/apk/res/android"
3    package="android.example.hoysalaelectronics"
4    android:versionCode="1"
5    android:versionName="1.0" >
6
7    <uses-sdk
8        android:minSdkVersion="21"
8-->src\main\AndroidManifest.xml
9        android:targetSdkVersion="33" />
9-->src\main\AndroidManifest.xml
10
11    <uses-permission android:name="android.permission.INTERNET" />
11-->src\main\AndroidManifest.xml:5:5-67
11-->src\main\AndroidManifest.xml:5:22-64
12    <uses-permission android:name="android.permission.ACCESS_NETWORK_STATE" />
12-->src\main\AndroidManifest.xml:6:5-79
12-->src\main\AndroidManifest.xml:6:22-76
13
14    <permission
14-->[androidx.core:core:1.9.0] AndroidManifest.xml:22:5-24:47
15        android:name="android.example.hoysalaelectronics.DYNAMIC_RECEIVER_NOT_EXPORTED_PERMISSION"
15-->[androidx.core:core:1.9.0] AndroidManifest.xml:23:9-81
16        android:protectionLevel="signature" />
16-->[androidx.core:core:1.9.0] AndroidManifest.xml:24:9-44
17
18    <uses-permission android:name="android.example.hoysalaelectronics.DYNAMIC_RECEIVER_NOT_EXPORTED_PERMISSION" />
18-->[androidx.core:core:1.9.0] AndroidManifest.xml:26:5-97
18-->[androidx.core:core:1.9.0] AndroidManifest.xml:26:22-94
19
20    <application
20-->src\main\AndroidManifest.xml:8:5-80:19
21        android:allowBackup="true"
21-->src\main\AndroidManifest.xml:9:9-35
22        android:appComponentFactory="androidx.core.app.CoreComponentFactory"
22-->[androidx.core:core:1.9.0] AndroidManifest.xml:28:18-86
23        android:icon="@mipmap/ic_launcher"
23-->src\main\AndroidManifest.xml:10:9-43
24        android:label="@string/app_name"
24-->src\main\AndroidManifest.xml:11:9-41
25        android:roundIcon="@mipmap/ic_launcher_round"
25-->src\main\AndroidManifest.xml:12:9-54
26        android:supportsRtl="true"
26-->src\main\AndroidManifest.xml:14:9-35
27        android:theme="@style/Theme.HoysalaElectronics"
27-->src\main\AndroidManifest.xml:15:9-56
28        android:usesCleartextTraffic="true" >
28-->src\main\AndroidManifest.xml:13:9-44
29        <activity
29-->src\main\AndroidManifest.xml:16:9-18:40
30            android:name="android.example.hoysalaelectronics.activity.OrderComplete"
30-->src\main\AndroidManifest.xml:17:13-51
31            android:exported="false" />
31-->src\main\AndroidManifest.xml:18:13-37
32        <activity
32-->src\main\AndroidManifest.xml:19:9-21:40
33            android:name="android.example.hoysalaelectronics.activity.ConfirmOrder"
33-->src\main\AndroidManifest.xml:20:13-50
34            android:exported="false" />
34-->src\main\AndroidManifest.xml:21:13-37
35        <activity
35-->src\main\AndroidManifest.xml:22:9-24:40
36            android:name="android.example.hoysalaelectronics.activity.PlaceOrder"
36-->src\main\AndroidManifest.xml:23:13-48
37            android:exported="false" />
37-->src\main\AndroidManifest.xml:24:13-37
38        <activity
38-->src\main\AndroidManifest.xml:25:9-31:20
39            android:name="android.example.hoysalaelectronics.activity.Order_Confirm_Activity"
39-->src\main\AndroidManifest.xml:26:13-60
40            android:exported="false" >
40-->src\main\AndroidManifest.xml:27:13-37
41            <meta-data
41-->src\main\AndroidManifest.xml:28:13-30:36
42                android:name="android.app.lib_name"
42-->src\main\AndroidManifest.xml:29:17-52
43                android:value="" />
43-->src\main\AndroidManifest.xml:30:17-33
44        </activity>
45        <activity
45-->src\main\AndroidManifest.xml:32:9-34:40
46            android:name="android.example.hoysalaelectronics.activity.PaymentMethod"
46-->src\main\AndroidManifest.xml:33:13-51
47            android:exported="false" />
47-->src\main\AndroidManifest.xml:34:13-37
48        <activity
48-->src\main\AndroidManifest.xml:35:9-37:40
49            android:name="android.example.hoysalaelectronics.activity.NewAddress"
49-->src\main\AndroidManifest.xml:36:13-48
50            android:exported="false" />
50-->src\main\AndroidManifest.xml:37:13-37
51        <activity
51-->src\main\AndroidManifest.xml:38:9-40:40
52            android:name="android.example.hoysalaelectronics.activity.CheckoutPage"
52-->src\main\AndroidManifest.xml:39:13-50
53            android:exported="false" />
53-->src\main\AndroidManifest.xml:40:13-37
54        <activity
54-->src\main\AndroidManifest.xml:41:9-43:40
55            android:name="android.example.hoysalaelectronics.activity.ProductDetail"
55-->src\main\AndroidManifest.xml:42:13-51
56            android:exported="false" />
56-->src\main\AndroidManifest.xml:43:13-37
57        <activity
57-->src\main\AndroidManifest.xml:44:9-46:40
58            android:name="android.example.hoysalaelectronics.activity.SingleCategories"
58-->src\main\AndroidManifest.xml:45:13-54
59            android:exported="false" />
59-->src\main\AndroidManifest.xml:46:13-37
60        <activity
60-->src\main\AndroidManifest.xml:47:9-56:20
61            android:name="android.example.hoysalaelectronics.activity.SplashActivity"
61-->src\main\AndroidManifest.xml:48:13-52
62            android:exported="true" >
62-->src\main\AndroidManifest.xml:49:13-36
63            <intent-filter>
63-->src\main\AndroidManifest.xml:50:13-55:29
64                <action android:name="android.intent.action.MAIN" />
64-->src\main\AndroidManifest.xml:51:17-69
64-->src\main\AndroidManifest.xml:51:25-66
65
66                <category android:name="android.intent.category.LAUNCHER" />
66-->src\main\AndroidManifest.xml:53:17-77
66-->src\main\AndroidManifest.xml:53:27-74
67                <category android:name="android.intent.category.DEFAULT" />
67-->src\main\AndroidManifest.xml:54:17-76
67-->src\main\AndroidManifest.xml:54:27-73
68            </intent-filter>
69        </activity>
70        <activity
70-->src\main\AndroidManifest.xml:57:9-63:20
71            android:name="android.example.hoysalaelectronics.activity.NewUser"
71-->src\main\AndroidManifest.xml:58:13-45
72            android:exported="false" >
72-->src\main\AndroidManifest.xml:59:13-37
73            <meta-data
73-->src\main\AndroidManifest.xml:28:13-30:36
74                android:name="android.app.lib_name"
74-->src\main\AndroidManifest.xml:29:17-52
75                android:value="" />
75-->src\main\AndroidManifest.xml:30:17-33
76        </activity>
77        <activity
77-->src\main\AndroidManifest.xml:64:9-70:20
78            android:name="android.example.hoysalaelectronics.activity.LoginActivity"
78-->src\main\AndroidManifest.xml:65:13-51
79            android:exported="false" >
79-->src\main\AndroidManifest.xml:66:13-37
80            <meta-data
80-->src\main\AndroidManifest.xml:28:13-30:36
81                android:name="android.app.lib_name"
81-->src\main\AndroidManifest.xml:29:17-52
82                android:value="" />
82-->src\main\AndroidManifest.xml:30:17-33
83        </activity>
84        <activity
84-->src\main\AndroidManifest.xml:71:9-73:40
85            android:name="android.example.hoysalaelectronics.activity.CartActivity"
85-->src\main\AndroidManifest.xml:72:13-50
86            android:exported="false" />
86-->src\main\AndroidManifest.xml:73:13-37
87        <activity
87-->src\main\AndroidManifest.xml:74:9-76:40
88            android:name="android.example.hoysalaelectronics.HomeActivity"
88-->src\main\AndroidManifest.xml:75:13-41
89            android:exported="false" />
89-->src\main\AndroidManifest.xml:76:13-37
90        <activity
90-->src\main\AndroidManifest.xml:77:9-79:40
91            android:name="android.example.hoysalaelectronics.activity.ForgetActivity"
91-->src\main\AndroidManifest.xml:78:13-52
92            android:exported="false" />
92-->src\main\AndroidManifest.xml:79:13-37
93        <activity
93-->[com.google.android.gms:play-services-auth:20.4.1] AndroidManifest.xml:23:9-27:75
94            android:name="com.google.android.gms.auth.api.signin.internal.SignInHubActivity"
94-->[com.google.android.gms:play-services-auth:20.4.1] AndroidManifest.xml:24:13-93
95            android:excludeFromRecents="true"
95-->[com.google.android.gms:play-services-auth:20.4.1] AndroidManifest.xml:25:13-46
96            android:exported="false"
96-->[com.google.android.gms:play-services-auth:20.4.1] AndroidManifest.xml:26:13-37
97            android:theme="@android:style/Theme.Translucent.NoTitleBar" />
97-->[com.google.android.gms:play-services-auth:20.4.1] AndroidManifest.xml:27:13-72
98        <!--
99            Service handling Google Sign-In user revocation. For apps that do not integrate with
100            Google Sign-In, this service will never be started.
101        -->
102        <service
102-->[com.google.android.gms:play-services-auth:20.4.1] AndroidManifest.xml:33:9-37:51
103            android:name="com.google.android.gms.auth.api.signin.RevocationBoundService"
103-->[com.google.android.gms:play-services-auth:20.4.1] AndroidManifest.xml:34:13-89
104            android:exported="true"
104-->[com.google.android.gms:play-services-auth:20.4.1] AndroidManifest.xml:35:13-36
105            android:permission="com.google.android.gms.auth.api.signin.permission.REVOCATION_NOTIFICATION"
105-->[com.google.android.gms:play-services-auth:20.4.1] AndroidManifest.xml:36:13-107
106            android:visibleToInstantApps="true" />
106-->[com.google.android.gms:play-services-auth:20.4.1] AndroidManifest.xml:37:13-48
107
108        <activity
108-->[com.google.android.gms:play-services-base:18.0.1] AndroidManifest.xml:20:9-22:45
109            android:name="com.google.android.gms.common.api.GoogleApiActivity"
109-->[com.google.android.gms:play-services-base:18.0.1] AndroidManifest.xml:20:19-85
110            android:exported="false"
110-->[com.google.android.gms:play-services-base:18.0.1] AndroidManifest.xml:22:19-43
111            android:theme="@android:style/Theme.Translucent.NoTitleBar" />
111-->[com.google.android.gms:play-services-base:18.0.1] AndroidManifest.xml:21:19-78
112
113        <meta-data
113-->[com.google.android.gms:play-services-basement:18.1.0] AndroidManifest.xml:21:9-23:69
114            android:name="com.google.android.gms.version"
114-->[com.google.android.gms:play-services-basement:18.1.0] AndroidManifest.xml:22:13-58
115            android:value="@integer/google_play_services_version" />
115-->[com.google.android.gms:play-services-basement:18.1.0] AndroidManifest.xml:23:13-66
116
117        <uses-library
117-->[androidx.window:window:1.0.0] AndroidManifest.xml:25:9-27:40
118            android:name="androidx.window.extensions"
118-->[androidx.window:window:1.0.0] AndroidManifest.xml:26:13-54
119            android:required="false" />
119-->[androidx.window:window:1.0.0] AndroidManifest.xml:27:13-37
120        <uses-library
120-->[androidx.window:window:1.0.0] AndroidManifest.xml:28:9-30:40
121            android:name="androidx.window.sidecar"
121-->[androidx.window:window:1.0.0] AndroidManifest.xml:29:13-51
122            android:required="false" />
122-->[androidx.window:window:1.0.0] AndroidManifest.xml:30:13-37
123
124        <provider
124-->[com.squareup.picasso:picasso:2.71828] AndroidManifest.xml:8:9-11:40
125            android:name="com.squareup.picasso.PicassoProvider"
125-->[com.squareup.picasso:picasso:2.71828] AndroidManifest.xml:9:13-64
126            android:authorities="android.example.hoysalaelectronics.com.squareup.picasso"
126-->[com.squareup.picasso:picasso:2.71828] AndroidManifest.xml:10:13-72
127            android:exported="false" />
127-->[com.squareup.picasso:picasso:2.71828] AndroidManifest.xml:11:13-37
128        <provider
128-->[androidx.emoji2:emoji2:1.2.0] AndroidManifest.xml:24:9-32:20
129            android:name="androidx.startup.InitializationProvider"
129-->[androidx.emoji2:emoji2:1.2.0] AndroidManifest.xml:25:13-67
130            android:authorities="android.example.hoysalaelectronics.androidx-startup"
130-->[androidx.emoji2:emoji2:1.2.0] AndroidManifest.xml:26:13-68
131            android:exported="false" >
131-->[androidx.emoji2:emoji2:1.2.0] AndroidManifest.xml:27:13-37
132            <meta-data
132-->[androidx.emoji2:emoji2:1.2.0] AndroidManifest.xml:29:13-31:52
133                android:name="androidx.emoji2.text.EmojiCompatInitializer"
133-->[androidx.emoji2:emoji2:1.2.0] AndroidManifest.xml:30:17-75
134                android:value="androidx.startup" />
134-->[androidx.emoji2:emoji2:1.2.0] AndroidManifest.xml:31:17-49
135            <meta-data
135-->[androidx.lifecycle:lifecycle-process:2.4.1] AndroidManifest.xml:31:13-33:52
136                android:name="androidx.lifecycle.ProcessLifecycleInitializer"
136-->[androidx.lifecycle:lifecycle-process:2.4.1] AndroidManifest.xml:32:17-78
137                android:value="androidx.startup" />
137-->[androidx.lifecycle:lifecycle-process:2.4.1] AndroidManifest.xml:33:17-49
138        </provider>
139    </application>
140
141</manifest>